----------

Tue May 05 2020 11:31:43 GMT-0400 (Eastern Daylight Time)

warning: LF will be replaced by CRLF in assets/bootstrap/css/bootstrap.min.css.
The file will have its original line endings in your working directory


----------

Tue May 05 2020 11:31:43 GMT-0400 (Eastern Daylight Time)

warning: LF will be replaced by CRLF in assets/bootstrap/js/bootstrap.min.js.
The file will have its original line endings in your working directory


----------

Tue May 05 2020 11:31:43 GMT-0400 (Eastern Daylight Time)

warning: LF will be replaced by CRLF in assets/css/Social-Icons.css.
The file will have its original line endings in your working directory


----------

Tue May 05 2020 11:31:43 GMT-0400 (Eastern Daylight Time)

warning: LF will be replaced by CRLF in assets/fonts/font-awesome.min.css.
The file will have its original line endings in your working directory


----------

Tue May 05 2020 11:31:43 GMT-0400 (Eastern Daylight Time)

warning: LF will be replaced by CRLF in assets/fonts/fontawesome-webfont.svg.
The file will have its original line endings in your working directory


----------

Tue May 05 2020 11:31:43 GMT-0400 (Eastern Daylight Time)

warning: LF will be replaced by CRLF in assets/fonts/ionicons.min.css.
The file will have its original line endings in your working directory


----------

Tue May 05 2020 11:31:43 GMT-0400 (Eastern Daylight Time)

warning: LF will be replaced by CRLF in assets/fonts/ionicons.svg.
The file will have its original line endings in your working directory


----------

Tue May 05 2020 11:31:43 GMT-0400 (Eastern Daylight Time)

warning: LF will be replaced by CRLF in assets/img/default.svg.
The file will have its original line endings in your working directory


----------

Tue May 05 2020 11:31:43 GMT-0400 (Eastern Daylight Time)

warning: LF will be replaced by CRLF in assets/img/icon.svg.
The file will have its original line endings in your working directory


----------

Tue May 05 2020 11:31:43 GMT-0400 (Eastern Daylight Time)

warning: LF will be replaced by CRLF in assets/js/bs-init.js.
The file will have its original line endings in your working directory


----------

Tue May 05 2020 11:31:43 GMT-0400 (Eastern Daylight Time)

warning: LF will be replaced by CRLF in assets/js/jquery.min.js.
The file will have its original line endings in your working directory


----------

Tue May 05 2020 11:31:43 GMT-0400 (Eastern Daylight Time)

warning: LF will be replaced by CRLF in assets/js/smart-forms.min.js.
The file will have its original line endings in your working directory
warning: LF will be replaced by CRLF in assets/js/theme.js.
The file will have its original line endings in your working directory
warning: LF will be replaced by CRLF in contact.html.
The file will have its original line endings in your working directory


----------

Tue May 05 2020 11:31:43 GMT-0400 (Eastern Daylight Time)

warning: LF will be replaced by CRLF in cv.html.
The file will have its original line endings in your working directory
warning: LF will be replaced by CRLF in index.html.
The file will have its original line endings in your working directory
warning: LF will be replaced by CRLF in projects-grid-cards.html.
The file will have its original line endings in your working directory


----------

Tue May 05 2020 11:32:17 GMT-0400 (Eastern Daylight Time)

Logon failed, use ctrl+c to cancel basic credential prompt.


----------

Tue May 05 2020 11:32:17 GMT-0400 (Eastern Daylight Time)

bash: /dev/tty: No such device or address


----------

Tue May 05 2020 11:32:18 GMT-0400 (Eastern Daylight Time)

error: failed to execute prompt script (exit code 1)
fatal: could not read Username for 'https://github.com': No such file or directory


----------

Tue May 05 2020 16:44:17 GMT-0400 (Eastern Daylight Time)

warning: LF will be replaced by CRLF in assets/bootstrap/css/bootstrap.min.css.
The file will have its original line endings in your working directory


----------

Tue May 05 2020 16:44:17 GMT-0400 (Eastern Daylight Time)

warning: LF will be replaced by CRLF in assets/bootstrap/js/bootstrap.min.js.
The file will have its original line endings in your working directory
warning: LF will be replaced by CRLF in assets/css/Social-Icons.css.
The file will have its original line endings in your working directory
warning: LF will be replaced by CRLF in assets/fonts/font-awesome.min.css.
The file will have its original line endings in your working directory


----------

Tue May 05 2020 16:44:17 GMT-0400 (Eastern Daylight Time)

warning: LF will be replaced by CRLF in assets/fonts/fontawesome-webfont.svg.
The file will have its original line endings in your working directory


----------

Tue May 05 2020 16:44:17 GMT-0400 (Eastern Daylight Time)

warning: LF will be replaced by CRLF in assets/fonts/ionicons.min.css.
The file will have its original line endings in your working directory


----------

Tue May 05 2020 16:44:17 GMT-0400 (Eastern Daylight Time)

warning: LF will be replaced by CRLF in assets/fonts/ionicons.svg.
The file will have its original line endings in your working directory


----------

Tue May 05 2020 16:44:17 GMT-0400 (Eastern Daylight Time)

warning: LF will be replaced by CRLF in assets/img/default.svg.
The file will have its original line endings in your working directory


----------

Tue May 05 2020 16:44:18 GMT-0400 (Eastern Daylight Time)

warning: LF will be replaced by CRLF in assets/img/icon.svg.
The file will have its original line endings in your working directory


----------

Tue May 05 2020 16:44:18 GMT-0400 (Eastern Daylight Time)

warning: LF will be replaced by CRLF in assets/js/bs-init.js.
The file will have its original line endings in your working directory


----------

Tue May 05 2020 16:44:18 GMT-0400 (Eastern Daylight Time)

warning: LF will be replaced by CRLF in assets/js/jquery.min.js.
The file will have its original line endings in your working directory
warning: LF will be replaced by CRLF in assets/js/smart-forms.min.js.
The file will have its original line endings in your working directory
warning: LF will be replaced by CRLF in assets/js/theme.js.
The file will have its original line endings in your working directory
warning: LF will be replaced by CRLF in contact.html.
The file will have its original line endings in your working directory
warning: LF will be replaced by CRLF in cv.html.
The file will have its original line endings in your working directory


----------

Tue May 05 2020 16:44:18 GMT-0400 (Eastern Daylight Time)

warning: LF will be replaced by CRLF in index.html.
The file will have its original line endings in your working directory
warning: LF will be replaced by CRLF in projects-grid-cards.html.
The file will have its original line endings in your working directory


----------

Tue May 05 2020 16:44:24 GMT-0400 (Eastern Daylight Time)

To https://github.com/Jordan20/Jordan20.github.io.git
   7baa080..6d071e5  master -> master


----------

Thu May 07 2020 19:17:28 GMT-0400 (Eastern Daylight Time)

warning: LF will be replaced by CRLF in assets/bootstrap/css/bootstrap.min.css.
The file will have its original line endings in your working directory


----------

Thu May 07 2020 19:17:28 GMT-0400 (Eastern Daylight Time)

warning: LF will be replaced by CRLF in assets/bootstrap/js/bootstrap.min.js.
The file will have its original line endings in your working directory
warning: LF will be replaced by CRLF in assets/css/Social-Icons.css.
The file will have its original line endings in your working directory
warning: LF will be replaced by CRLF in assets/fonts/font-awesome.min.css.
The file will have its original line endings in your working directory


----------

Thu May 07 2020 19:17:28 GMT-0400 (Eastern Daylight Time)

warning: LF will be replaced by CRLF in assets/fonts/fontawesome-webfont.svg.
The file will have its original line endings in your working directory


----------

Thu May 07 2020 19:17:28 GMT-0400 (Eastern Daylight Time)

warning: LF will be replaced by CRLF in assets/fonts/ionicons.min.css.
The file will have its original line endings in your working directory


----------

Thu May 07 2020 19:17:28 GMT-0400 (Eastern Daylight Time)

warning: LF will be replaced by CRLF in assets/fonts/ionicons.svg.
The file will have its original line endings in your working directory


----------

Thu May 07 2020 19:17:28 GMT-0400 (Eastern Daylight Time)

warning: LF will be replaced by CRLF in assets/img/default.svg.
The file will have its original line endings in your working directory


----------

Thu May 07 2020 19:17:28 GMT-0400 (Eastern Daylight Time)

warning: LF will be replaced by CRLF in assets/img/icon.svg.
The file will have its original line endings in your working directory


----------

Thu May 07 2020 19:17:28 GMT-0400 (Eastern Daylight Time)

warning: LF will be replaced by CRLF in assets/js/bs-init.js.
The file will have its original line endings in your working directory


----------

Thu May 07 2020 19:17:28 GMT-0400 (Eastern Daylight Time)

warning: LF will be replaced by CRLF in assets/js/jquery.min.js.
The file will have its original line endings in your working directory
warning: LF will be replaced by CRLF in assets/js/smart-forms.min.js.
The file will have its original line endings in your working directory
warning: LF will be replaced by CRLF in assets/js/theme.js.
The file will have its original line endings in your working directory
warning: LF will be replaced by CRLF in contact.html.
The file will have its original line endings in your working directory
warning: LF will be replaced by CRLF in cv.html.
The file will have its original line endings in your working directory


----------

Thu May 07 2020 19:17:28 GMT-0400 (Eastern Daylight Time)

warning: LF will be replaced by CRLF in error.log.
The file will have its original line endings in your working directory
warning: LF will be replaced by CRLF in index.html.
The file will have its original line endings in your working directory
warning: LF will be replaced by CRLF in projects-grid-cards.html.
The file will have its original line endings in your working directory
warning: LF will be replaced by CRLF in .well-known/brave-rewards-verification.txt.
The file will have its original line endings in your working directory


